2024-04-04 11:16:36	INFO	::casa	
2024-04-04 11:16:37	INFO	::casa	Python version 3.8.18
2024-04-04 11:16:37	INFO	::casa	CASA Version MODULAR 6.5.1.23
2024-04-04 11:16:37	INFO	::casa	Can't import casatelemetry module.
2024-04-04 11:16:37	INFO	importfits::::casa	##########################################
2024-04-04 11:16:37	INFO	importfits::::casa	##### Begin Task: importfits         #####
2024-04-04 11:16:37	INFO	importfits::::casa	importfits( fitsimage='../Fits_4-subband-useful/image.i.EMU_1356-64.SB53310.beam27-28-33.taylor.0.restored_crop-250.fits', imagename='templete.im', whichrep=0, whichhdu=-1, zeroblanks=True, overwrite=True, defaultaxes=False, defaultaxesvalues=[], beam=[] )
2024-04-04 11:16:37	INFO	importfits::::ImageFITSConverter	Processing HDU 0
2024-04-04 11:16:37	INFO	importfits::::	FITS card 51: CROTA1  =                    0                                                  
2024-04-04 11:16:37	INFO	importfits::::	Keyword value has wrong data type.
2024-04-04 11:16:37	INFO	importfits::::	... converted to type double.
2024-04-04 11:16:37	INFO	importfits::FITSCoordinateUtil::fromFITSHeader	passing empty or nonexistant spectral Coordinate axis
2024-04-04 11:16:37	INFO	importfits::ImageFITSConverterImpl::FITSToImage 	Created image of shape [125, 125]
2024-04-04 11:16:37	INFO	importfits::ImageFITSConverterImpl::FITSToImage 	Copy FITS file to '/Users/jing/G310/Code/templete.im' All pixels fit in memory (15625 pixels).
2024-04-04 11:16:37	INFO	importfits::::casa	Task importfits complete. Start time: 2024-04-04 19:16:37.125971 End time: 2024-04-04 19:16:37.177393
2024-04-04 11:16:37	INFO	importfits::::casa	##### End Task: importfits           #####
2024-04-04 11:16:37	INFO	importfits::::casa	##########################################
2024-04-04 11:16:37	INFO	importfits::::casa	##########################################
2024-04-04 11:16:37	INFO	importfits::::casa	##### Begin Task: importfits         #####
2024-04-04 11:16:37	INFO	importfits::::casa	importfits( fitsimage='../Chandra_process/process/flux_1/hard_flux.img', imagename='object.im', whichrep=0, whichhdu=-1, zeroblanks=True, overwrite=True, defaultaxes=False, defaultaxesvalues=[], beam=[] )
2024-04-04 11:16:37	INFO	importfits::::ImageFITSConverter	Processing HDU 0
2024-04-04 11:16:37	WARN	importfits::::	FITS card 81: STARTBEP=           3703995967 / BEP timer value at TSTART                      
2024-04-04 11:16:37	WARN	importfits::::	Integer overflow
2024-04-04 11:16:37	INFO	importfits::FITSCoordinateUtil::fromFITSHeader	Header
2024-04-04 11:16:37	INFO	importfits::FITSCoordinateUtil::fromFITSHeader+	CTYPE1P = 'x       '                                                            
2024-04-04 11:16:37	INFO	importfits::FITSCoordinateUtil::fromFITSHeader+	was interpreted as
2024-04-04 11:16:37	INFO	importfits::FITSCoordinateUtil::fromFITSHeader+	CTYPE1P = 'x   -CAR'                                                            
2024-04-04 11:16:37	INFO	importfits::FITSCoordinateUtil::fromFITSHeader	Header
2024-04-04 11:16:37	INFO	importfits::FITSCoordinateUtil::fromFITSHeader+	CTYPE2P = 'y       '                                                            
2024-04-04 11:16:37	INFO	importfits::FITSCoordinateUtil::fromFITSHeader+	was interpreted as
2024-04-04 11:16:37	INFO	importfits::FITSCoordinateUtil::fromFITSHeader+	CTYPE2P = 'y   -CAR'                                                            
2024-04-04 11:16:37	WARN	importfits::FITSCoordinateUtil::fromFITSHeader	Cannot yet handle 64-bit Ints; dropping card startbep
2024-04-04 11:16:37	INFO	importfits::FITSCoordinateUtil::fromFITSHeader	passing empty or nonexistant spectral Coordinate axis
2024-04-04 11:16:37	INFO	importfits::ImageFITSConverterImpl::FITSToImage 	Created image of shape [600, 600]
2024-04-04 11:16:37	INFO	importfits::ImageFITSConverterImpl::FITSToImage 	Copy FITS file to '/Users/jing/G310/Code/object.im' All pixels fit in memory (360000 pixels).
2024-04-04 11:16:37	INFO	importfits::ImageFITSConverterImpl::FITSToImage 	No usable restoring beam information found.
2024-04-04 11:16:37	WARN	importfits::::casa	This image has no beam or angular resolution provided, so you will not receive warnings from
2024-04-04 11:16:37	WARN	importfits::::casa+	tasks such as imregrid if your image pixels do not sample the the angular resolution well.
2024-04-04 11:16:37	WARN	importfits::::casa+	(This only affects warnings, not any functionality).
2024-04-04 11:16:37	WARN	importfits::::casa+	Providing a beam and brightness units in an image can also be useful for flux calculations.
2024-04-04 11:16:37	WARN	importfits::::casa+	If you wish to add a beam or brightness units to your image, please use
2024-04-04 11:16:37	WARN	importfits::::casa+	the "beam" parameter or ia.setrestoringbeam() and ia.setbrightnessunit()
2024-04-04 11:16:37	INFO	importfits::::casa	Task importfits complete. Start time: 2024-04-04 19:16:37.178037 End time: 2024-04-04 19:16:37.243274
2024-04-04 11:16:37	INFO	importfits::::casa	##### End Task: importfits           #####
2024-04-04 11:16:37	INFO	importfits::::casa	##########################################
2024-04-04 11:16:37	INFO	imregrid::::casa	##########################################
2024-04-04 11:16:37	INFO	imregrid::::casa	##### Begin Task: imregrid           #####
2024-04-04 11:16:37	INFO	imregrid::::casa	imregrid( imagename='object.im', template='templete.im', output='grid.im', asvelocity=True, axes=[-1], shape=[-1], interpolation='linear', decimate=10, replicate=False, overwrite=True )
2024-04-04 11:16:37	INFO	imregrid::ImageMaskAttacher::makeMask	Created and initialized mask `mask0'
2024-04-04 11:16:37	INFO	imregrid::SubImageFactory::createImage	Creating image 'grid.im' of shape [125, 125]
2024-04-04 11:16:37	INFO	imregrid::::casa	Task imregrid complete. Start time: 2024-04-04 19:16:37.248967 End time: 2024-04-04 19:16:37.275603
2024-04-04 11:16:37	INFO	imregrid::::casa	##### End Task: imregrid             #####
2024-04-04 11:16:37	INFO	imregrid::::casa	##########################################
2024-04-04 11:16:37	INFO	imsmooth::::casa	##########################################
2024-04-04 11:16:37	INFO	imsmooth::::casa	##### Begin Task: imsmooth           #####
2024-04-04 11:16:37	INFO	imsmooth::::casa	imsmooth( imagename='grid.im', kernel='gauss', major='0.00340813578960819deg', minor='0.00301701793937799deg', pa='86.3068361712279deg', targetres=False, kimage='', scale=-1.0, region='', box='', chans='', stokes='', mask='', outfile='smooth.im', stretch=False, overwrite=True, beam='' )
2024-04-04 11:16:37	INFO	imsmooth::CasacRegionManager::fromBCS	No directional region specified. Using full positional plane.
2024-04-04 11:16:37	INFO	imsmooth::Image2DConvolver::_dealWithRestoringBeam	You are convolving the sky
2024-04-04 11:16:37	INFO	imsmooth::Image2DConvolver::_dealWithRestoringBeam	Scaling pixel values by 0.0264907
2024-04-04 11:16:37	INFO	imsmooth::Image2DConvolver::_dealWithRestoringBeam	Original /Users/jing/G310/Code/grid.im has no beam
2024-04-04 11:16:37	INFO	imsmooth::Image2DConvolver::_dealWithRestoringBeam	Output smooth.im has no beam
2024-04-04 11:16:37	INFO	imsmooth::SubImageFactory::createImage	Creating image 'smooth.im' of shape [125, 125]
2024-04-04 11:16:37	INFO	imsmooth::::casa	Task imsmooth complete. Start time: 2024-04-04 19:16:37.286228 End time: 2024-04-04 19:16:37.402740
2024-04-04 11:16:37	INFO	imsmooth::::casa	##### End Task: imsmooth             #####
2024-04-04 11:16:37	INFO	imsmooth::::casa	##########################################
2024-04-04 11:16:37	INFO	exportfits::::casa	##########################################
2024-04-04 11:16:37	INFO	exportfits::::casa	##### Begin Task: exportfits         #####
2024-04-04 11:16:37	INFO	exportfits::::casa	exportfits( imagename='smooth.im', fitsimage='../Chandra_process/process/flux_1/hard_flux.img_smooth.fits', velocity=False, optical=False, bitpix=-32, minpix=0, maxpix=-1, overwrite=True, dropstokes=False, stokeslast=True, history=True, dropdeg=False )
2024-04-04 11:16:37	INFO	exportfits::::casa	Task exportfits complete. Start time: 2024-04-04 19:16:37.406675 End time: 2024-04-04 19:16:37.413694
2024-04-04 11:16:37	INFO	exportfits::::casa	##### End Task: exportfits           #####
2024-04-04 11:16:37	INFO	exportfits::::casa	##########################################
